<?xml version="1.0" encoding="UTF-8"?>
<coverage generated="1592857258837" clover="3.2.0">
  <project timestamp="1592857258838" name="All files">
    <metrics statements="16" coveredstatements="16" conditionals="10" coveredconditionals="8" methods="6" coveredmethods="6" elements="32" coveredelements="30" complexity="0" loc="16" ncloc="16" packages="3" files="5" classes="5"/>
    <package name="math">
      <metrics statements="2" coveredstatements="2" conditionals="0" coveredconditionals="0" methods="2" coveredmethods="2"/>
      <file name="findLongestLengthFieldOfArray.ts" path="C:\Users\Enes\projects\javascript-devtools\src\math\findLongestLengthFieldOfArray.ts">
        <metrics statements="2" coveredstatements="2" conditionals="0" coveredconditionals="0" methods="2" coveredmethods="2"/>
        <line num="1" count="1" type="stmt"/>
        <line num="2" count="2" type="stmt"/>
      </file>
    </package>
    <package name="text">
      <metrics statements="3" coveredstatements="3" conditionals="0" coveredconditionals="0" methods="1" coveredmethods="1"/>
      <file name="capitalizeWithTurkish.ts" path="C:\Users\Enes\projects\javascript-devtools\src\text\capitalizeWithTurkish.ts">
        <metrics statements="3" coveredstatements="3" conditionals="0" coveredconditionals="0" methods="1" coveredmethods="1"/>
        <line num="1" count="1" type="stmt"/>
        <line num="2" count="1" type="stmt"/>
        <line num="3" count="1" type="stmt"/>
      </file>
    </package>
    <package name="util">
      <metrics statements="11" coveredstatements="11" conditionals="10" coveredconditionals="8" methods="3" coveredmethods="3"/>
      <file name="isArraysEqual.ts" path="C:\Users\Enes\projects\javascript-devtools\src\util\isArraysEqual.ts">
        <metrics statements="7" coveredstatements="7" conditionals="10" coveredconditionals="8" methods="1" coveredmethods="1"/>
        <line num="1" count="1" type="stmt"/>
        <line num="2" count="3" type="cond" truecount="1" falsecount="1"/>
        <line num="3" count="3" type="cond" truecount="3" falsecount="1"/>
        <line num="4" count="3" type="cond" truecount="2" falsecount="0"/>
        <line num="6" count="2" type="stmt"/>
        <line num="7" count="4" type="cond" truecount="2" falsecount="0"/>
        <line num="9" count="1" type="stmt"/>
      </file>
      <file name="isOdd.ts" path="C:\Users\Enes\projects\javascript-devtools\src\util\isOdd.ts">
        <metrics statements="2" coveredstatements="2" conditionals="0" coveredconditionals="0" methods="1" coveredmethods="1"/>
        <line num="1" count="1" type="stmt"/>
        <line num="2" count="1" type="stmt"/>
      </file>
      <file name="isPrimitiveArraysEqual.ts" path="C:\Users\Enes\projects\javascript-devtools\src\util\isPrimitiveArraysEqual.ts">
        <metrics statements="2" coveredstatements="2" conditionals="0" coveredconditionals="0" methods="1" coveredmethods="1"/>
        <line num="1" count="1" type="stmt"/>
        <line num="3" count="3" type="stmt"/>
      </file>
    </package>
  </project>
</coverage>
