{"C:\\Users\\Enes\\projects\\javascript-devtools\\src\\isPrimitiveArraysEqual.tsx": {"path":"C:\\Users\\Enes\\projects\\javascript-devtools\\src\\isPrimitiveArraysEqual.tsx","statementMap":{"0":{"start":{"line":1,"column":13},"end":{"line":4,"column":null}},"1":{"start":{"line":3,"column":4},"end":{"line":3,"column":56}}},"fnMap":{"0":{"name":"(anonymous_0)","decl":{"start":{"line":1,"column":38},"end":{"line":1,"column":39}},"loc":{"start":{"line":2,"column":38},"end":{"line":4,"column":1}}}},"branchMap":{},"s":{"0":1,"1":3},"f":{"0":3},"b":{}}
}
