{"C:\\Users\\Enes\\projects\\javascript-devtools\\src\\math\\findLongestLengthFieldOfArray.ts": {"path":"C:\\Users\\Enes\\projects\\javascript-devtools\\src\\math\\findLongestLengthFieldOfArray.ts","statementMap":{"0":{"start":{"line":1,"column":14},"end":{"line":3,"column":null}},"1":{"start":{"line":2,"column":4},"end":{"line":2,"column":58}},"2":{"start":{"line":2,"column":42},"end":{"line":2,"column":56}}},"fnMap":{"0":{"name":"(anonymous_0)","decl":{"start":{"line":1,"column":46},"end":{"line":1,"column":47}},"loc":{"start":{"line":1,"column":71},"end":{"line":3,"column":1}}},"1":{"name":"(anonymous_1)","decl":{"start":{"line":2,"column":31},"end":{"line":2,"column":38}},"loc":{"start":{"line":2,"column":38},"end":{"line":2,"column":49}}}},"branchMap":{},"s":{"0":1,"1":1,"2":2},"f":{"0":1,"1":2},"b":{}}
,"C:\\Users\\Enes\\projects\\javascript-devtools\\src\\text\\capitalizeWithTurkish.ts": {"path":"C:\\Users\\Enes\\projects\\javascript-devtools\\src\\text\\capitalizeWithTurkish.ts","statementMap":{"0":{"start":{"line":1,"column":15},"end":{"line":1,"column":22}},"1":{"start":{"line":2,"column":13},"end":{"line":4,"column":null}},"2":{"start":{"line":3,"column":4},"end":{"line":3,"column":104}}},"fnMap":{"0":{"name":"(anonymous_0)","decl":{"start":{"line":2,"column":37},"end":{"line":2,"column":38}},"loc":{"start":{"line":2,"column":61},"end":{"line":4,"column":1}}}},"branchMap":{},"s":{"0":1,"1":1,"2":1},"f":{"0":1},"b":{}}
,"C:\\Users\\Enes\\projects\\javascript-devtools\\src\\util\\isArraysEqual.ts": {"path":"C:\\Users\\Enes\\projects\\javascript-devtools\\src\\util\\isArraysEqual.ts","statementMap":{"0":{"start":{"line":1,"column":13},"end":{"line":10,"column":2}},"1":{"start":{"line":2,"column":2},"end":{"line":2,"column":41}},"2":{"start":{"line":2,"column":29},"end":{"line":2,"column":41}},"3":{"start":{"line":3,"column":2},"end":{"line":3,"column":57}},"4":{"start":{"line":3,"column":44},"end":{"line":3,"column":57}},"5":{"start":{"line":4,"column":2},"end":{"line":4,"column":55}},"6":{"start":{"line":4,"column":42},"end":{"line":4,"column":55}},"7":{"start":{"line":6,"column":2},"end":{"line":7,"column":58}},"8":{"start":{"line":6,"column":19},"end":{"line":6,"column":20}},"9":{"start":{"line":7,"column":4},"end":{"line":7,"column":58}},"10":{"start":{"line":7,"column":45},"end":{"line":7,"column":58}},"11":{"start":{"line":9,"column":2},"end":{"line":9,"column":14}}},"fnMap":{"0":{"name":"(anonymous_0)","decl":{"start":{"line":1,"column":29},"end":{"line":1,"column":30}},"loc":{"start":{"line":1,"column":76},"end":{"line":10,"column":1}}}},"branchMap":{"0":{"loc":{"start":{"line":2,"column":2},"end":{"line":2,"column":41}},"type":"if","locations":[{"start":{"line":2,"column":2},"end":{"line":2,"column":41}},{"start":{"line":2,"column":2},"end":{"line":2,"column":41}}]},"1":{"loc":{"start":{"line":3,"column":2},"end":{"line":3,"column":57}},"type":"if","locations":[{"start":{"line":3,"column":2},"end":{"line":3,"column":57}},{"start":{"line":3,"column":2},"end":{"line":3,"column":57}}]},"2":{"loc":{"start":{"line":3,"column":6},"end":{"line":3,"column":22}},"type":"binary-expr","locations":[{"start":{"line":3,"column":6},"end":{"line":3,"column":22}},{"start":{"line":3,"column":26},"end":{"line":3,"column":42}}]},"3":{"loc":{"start":{"line":4,"column":2},"end":{"line":4,"column":55}},"type":"if","locations":[{"start":{"line":4,"column":2},"end":{"line":4,"column":55}},{"start":{"line":4,"column":2},"end":{"line":4,"column":55}}]},"4":{"loc":{"start":{"line":7,"column":4},"end":{"line":7,"column":58}},"type":"if","locations":[{"start":{"line":7,"column":4},"end":{"line":7,"column":58}},{"start":{"line":7,"column":4},"end":{"line":7,"column":58}}]}},"s":{"0":1,"1":3,"2":0,"3":3,"4":0,"5":3,"6":1,"7":2,"8":2,"9":4,"10":1,"11":1},"f":{"0":3},"b":{"0":[0,3],"1":[0,3],"2":[3,3],"3":[1,2],"4":[1,3]}}
,"C:\\Users\\Enes\\projects\\javascript-devtools\\src\\util\\isOdd.ts": {"path":"C:\\Users\\Enes\\projects\\javascript-devtools\\src\\util\\isOdd.ts","statementMap":{"0":{"start":{"line":1,"column":13},"end":{"line":3,"column":null}},"1":{"start":{"line":2,"column":3},"end":{"line":2,"column":25}}},"fnMap":{"0":{"name":"(anonymous_0)","decl":{"start":{"line":1,"column":21},"end":{"line":1,"column":22}},"loc":{"start":{"line":1,"column":34},"end":{"line":3,"column":1}}}},"branchMap":{},"s":{"0":1,"1":1},"f":{"0":1},"b":{}}
,"C:\\Users\\Enes\\projects\\javascript-devtools\\src\\util\\isPrimitiveArraysEqual.ts": {"path":"C:\\Users\\Enes\\projects\\javascript-devtools\\src\\util\\isPrimitiveArraysEqual.ts","statementMap":{"0":{"start":{"line":1,"column":13},"end":{"line":4,"column":null}},"1":{"start":{"line":3,"column":4},"end":{"line":3,"column":56}}},"fnMap":{"0":{"name":"(anonymous_0)","decl":{"start":{"line":1,"column":38},"end":{"line":1,"column":39}},"loc":{"start":{"line":2,"column":38},"end":{"line":4,"column":1}}}},"branchMap":{},"s":{"0":1,"1":3},"f":{"0":3},"b":{}}
}
